<?xml version="1.0" encoding="UTF-8"?>
<!-- Generated by org.testng.reporters.JUnitReportReporter -->
<testsuite skipped="0" hostname="ECS-4cb185a6" name="com.autodesk.Demo" tests="1" failures="0" timestamp="19 Dec 2017 12:36:26 GMT" time="5.338" errors="0">
  <testcase name="testA" time="5.338" classname="com.autodesk.Demo"/>
</testsuite> <!-- com.autodesk.Demo -->
